0
1
4
0
0
3
2
1
3
0
1
6
1
8
7
1
13
6
0
24
14
8
2
0
1
2
3
6
16
3
0
14
0
30
1
2
37
7
7
32
1
7
30
24
3
3
5
1
9
19
20
57
16
11
45
2
8
13
0
0
1
40
5
26
23
9
7
7
17
7
2
2
2
36
46
13
72
9
4
6
5
10
16
37
5
24
43
0
12
12
2
4
78
36
15
30
14
70
94
48
2
95
4
28
6
30
60
21
3
1
83
33
106
30
11
4
7
11
4
35
14
5
6
10
15
102
54
3
103
1
7
26
9
20
12
60
72
4
71
89
16
78
33
14
69
16
25
8
24
36
8
12
46
127
97
3
94
19
1
60
26
7
97
20
39
0
69
54
16
13
112
31
50
91
25
88
6
10
42
93
38
139
27
64
30
1
40
18
10
29
4
4
3
126
93
113
74
39
16
53
111
169
29
26
90
43
71
102
17
168
26
15
29
0
62
36
79
76
145
68
80
13
80
169
202
120
112
88
10
145
244
91
169
79
155
235
14
9
34
17
87
62
93
74
76
166
4
2
187
12
18
42
53
192
45
83
129
223
56
3
96
145
65
33
12
1
73
4
57
79
101
5
17
10
32
14
131
46
6
9
70
8
56
88
30
49
15
49
45
25
18
18
31
5
154
34
176
13
209
39
48
94
23
35
5
0
0
60
8
119
108
96
125
244
13
126
13
11
215
80
116
29
45
119
0
125
59
33
70
67
136
19
41
267
58
170
40
102
8
29
64
26
27
109
