0
0
0
0
0
0
0
1
5
0
4
0
2
2
1
4
6
1
0
0
0
9
3
0
6
0
4
3
1
1
15
6
0
3
4
1
7
14
6
26
29
7
23
8
26
21
9
13
2
7
46
8
10
27
35
8
32
46
34
9
28
9
5
12
18
2
4
1
2
26
8
3
4
10
19
1
20
49
30
8
13
6
7
33
17
5
6
38
60
58
14
61
22
35
4
48
49
60
4
22
14
25
19
7
25
23
37
6
7
32
7
16
1
5
80
34
82
28
53
7
36
99
31
0
16
7
1
19
0
45
19
37
9
13
109
30
6
25
41
18
74
71
55
30
6
67
7
37
12
17
13
13
9
49
49
32
101
78
129
27
11
37
99
67
108
138
42
7
117
39
11
134
121
0
52
92
7
7
31
42
138
98
42
43
79
9
19
5
29
20
25
4
0
25
23
23
60
39
10
58
9
12
38
118
52
12
18
35
5
17
80
227
26
54
56
87
20
15
96
52
130
32
0
71
101
157
232
47
35
50
9
21
149
17
78
78
136
59
35
28
5
200
71
47
8
194
2
73
30
23
62
121
47
37
19
170
77
0
280
62
70
221
156
31
270
106
205
30
140
52
92
90
165
122
144
57
70
19
0
125
28
103
233
92
99
197
53
166
107
151
73
242
8
3
212
18
11
35
7
226
17
103
13
0
41
257
102
217
19
303
63
36
99
128
179
46
2
84
181
216
35
74
61
8
194
308
17
