0
0
1
1
0
3
0
2
6
0
5
6
0
9
5
3
3
13
0
0
3
1
0
5
5
5
9
10
0
6
0
4
19
13
8
3
3
11
0
6
1
0
24
0
0
8
10
0
6
11
26
2
28
6
14
23
22
21
12
9
0
22
29
22
0
0
3
17
12
0
0
1
12
0
16
17
7
32
18
30
25
1
1
29
15
44
2
29
2
15
5
9
11
12
16
42
17
24
32
22
26
18
0
10
5
16
5
31
47
4
2
3
26
9
20
13
38
16
10
44
22
11
19
9
20
22
18
20
42
41
31
8
41
0
1
9
8
5
44
50
13
43
56
33
24
35
62
31
37
0
82
7
61
53
83
91
28
19
46
44
20
102
4
72
102
98
1
6
46
67
65
6
72
3
79
28
44
40
53
48
1
100
22
24
79
109
95
42
81
88
59
2
28
16
46
43
102
93
51
14
110
55
71
18
16
84
87
58
52
91
6
89
47
59
13
70
23
6
0
44
18
46
9
67
47
105
5
89
15
89
75
91
40
50
19
30
17
123
73
67
75
25
8
9
82
72
58
138
20
62
36
102
115
36
29
58
93
71
10
1
105
88
39
10
43
23
70
60
33
100
0
67
27
35
11
26
101
59
56
27
25
112
16
91
13
42
60
26
17
2
71
116
55
55
100
126
11
8
0
21
59
71
35
40
102
54
85
48
36
60
82
11
19
47
