0
3
4
4
6
0
1
0
10
2
8
2
1
14
8
1
3
18
15
17
2
3
12
15
10
6
33
16
1
24
26
12
24
11
9
5
4
27
34
25
34
1
10
25
32
4
42
28
48
24
8
34
49
30
21
0
43
46
3
1
33
33
15
13
7
37
35
0
45
5
13
33
31
18
6
30
26
7
0
20
24
3
28
6
23
6
4
0
26
24
60
28
5
28
14
8
26
39
49
8
60
49
37
56
32
18
30
5
37
37
6
26
48
71
48
29
0
58
7
9
34
103
8
41
38
9
61
10
19
28
54
91
41
116
35
62
4
3
2
3
19
24
58
88
92
9
67
1
85
20
55
43
66
6
105
4
44
114
19
0
85
10
9
51
54
45
45
44
105
24
8
27
135
6
25
87
69
18
70
40
1
66
29
42
95
56
2
4
51
9
49
62
140
27
15
71
35
3
56
4
4
106
5
8
7
181
85
92
62
123
6
220
36
44
4
6
121
20
65
25
111
108
3
27
107
38
70
42
143
88
209
99
59
8
4
165
27
67
168
3
8
211
219
259
179
198
29
36
48
28
173
71
1
79
3
20
0
6
70
180
9
36
3
81
143
19
133
45
26
126
276
10
102
94
3
111
90
2
50
176
260
103
11
19
104
184
96
29
162
0
34
21
198
177
73
63
95
92
86
119
82
1
56
83
3
44
202
63
77
3
59
193
55
