0
0
0
1
1
3
1
1
3
5
1
2
0
3
6
8
4
10
3
0
1
1
7
9
14
7
6
16
8
2
5
1
2
6
1
5
6
14
1
11
2
0
23
20
6
10
4
3
6
0
22
0
11
6
4
16
11
31
3
33
4
3
0
9
28
2
35
15
21
4
11
4
1
13
4
15
12
33
10
20
2
34
16
27
3
2
27
34
16
7
33
8
1
5
8
31
19
11
1
10
42
3
1
43
39
47
44
8
17
42
14
2
3
11
15
15
3
11
29
14
3
2
59
24
51
21
32
7
66
54
20
27
12
63
1
39
36
14
32
24
40
23
2
69
3
65
36
10
47
44
43
9
37
36
47
60
2
84
1
11
43
55
52
31
8
69
36
48
22
0
62
28
0
47
16
10
43
2
38
28
45
15
47
24
8
14
34
38
50
22
97
42
13
66
12
43
19
12
10
46
53
51
57
3
0
38
101
39
65
45
107
90
94
94
6
61
36
51
92
83
14
32
58
16
25
22
29
62
46
14
82
58
43
99
21
40
53
59
80
57
62
71
15
39
65
80
120
13
48
112
26
83
104
14
12
101
50
95
18
4
5
116
96
65
84
99
78
3
44
6
61
101
39
45
2
57
66
9
107
55
92
63
17
9
2
16
77
66
18
39
42
12
22
32
120
75
4
19
50
58
93
20
69
47
122
43
14
47
87
49
57
56
48
11
86
39
127
60
