75
11
33
7
2
9
4
4
4
4
2
2
0
0
0
0
1
1
4
0
0
0
1
4
1
0
0
0
0
0
0
0
0
0
0
3
0
0
0
0
0
0
0
0
0
0
0
0
0
0
0
0
0
0
1
2
3
3
3
4
4
9
33
194
40
194
68
194
39
0
39
194
33
194
75
194
39
194
39
17
75
194
33
0
33
194
68
14
0
0
0
0
2
14
42
19
42
194
39
194
40
13
75
194
75
13
2
12
32
194
39
3
32
0
0
0
0
0
0
3
39
17
75
15
36
13
36
11
36
13
0
4
4
1
0
0
0
12
75
13
2
13
1
0
0
5
0
0
0
0
0
0
0
0
0
0
0
0
0
1
1
1
2
2
2
5
5
5
5
5
5
13
3
13
75
194
39
194
39
0
39
12
40
194
33
11
3
0
0
0
0
0
0
0
0
0
0
0
3
11
0
0
0
0
0
12
75
12
75
194
32
5
2
0
1
9
32
12
75
194
42
0
0
0
0
0
0
0
0
0
42
194
39
8
0
3
1
14
68
0
0
14
68
194
32
2
32
12
32
5
1
0
3
0
0
5
3
5
32
194
39
12
39
14
0
14
2
14
39
8
39
14
39
0
0
0
0
0
0
0
0
0
0
0
0
0
0
0
0
0
3
14
68
194
75
194
68
13
68
14
2
14
4
9
39
194
33
7
0
0
33
13
33
7
40
13
40
13
2
6
39
9
39
194
44
13
4
7
44
10
44
194
51
8
1
4
0
4
0
0
0
0
1
15
75
11
75
15
75
17
75
16
39
14
39
194
68
14
68
194
36
15
36
3
0
4
0
4
2
4
1
0
1
4
0
0
0
0
0
0
36
15
4
1
0
0
0
1
0
0
1
4
4
4
36
15
75
194
39
14
0
0
0
0
0
0
0
0
42
9
42
19
0
19
3
7
33
194
68
14
0
0
0
17
75
12
2
12
75
15
0
0
0
11
33
11
0
11
0
0
75
13
75
12
32
0
32
0
0
0
32
194
33
194
51
194
75
194
75
16
0
16
0
0
0
0
44
194
36
8
36
194
39
12
1
12
0
0
0
12
0
12
2
12
1
1
0
1
1
11
44
5
2
16
75
194
39
7
3
0
0
0
3
0
0
0
0
1
1
6
40
13
2
0
0
0
51
8
36
194
36
15
36
0
36
15
1
0
0
0
0
11
75
19
6
17
39
8
51
15
3
0
1
5
39
7
40
13
75
16
44
194
39
8
3
9
39
9
0
0
0
13
44
15
0
0
0
0
0
15
68
194
51
194
39
9
39
9
42
194
36
194
44
10
2
1
1
0
2
13
51
8
2
13
51
13
2
13
1
8
36
8
2
5
36
194
51
13
0
0
0
13
44
5
2
10
2
10
2
10
2
0
2
0
2
5
0
10
0
0
4
0
0
0
2
5
0
0
0
0
0
0
0
0
0
0
0
0
0
15
5
15
68
194
75
12
39
194
39
194
75
194
39
194
68
15
1
10
0
10
0
5
0
5
44
194
39
194
51
194
42
7
2
12
0
0
0
0
39
194
39
3
39
194
42
194
32
3
0
0
0
8
0
8
51
194
36
5
39
12
39
194
44
15
68
13
33
194
40
194
42
11
3
11
39
4
1
4
1
4
0
4
0
4
0
0
0
0
0
0
0
0
0
0
0
0
0
0
0
0
0
3
0
3
36
194
40
3
1
13
40
194
51
194
42
194
51
194
44
5
44
194
68
13
0
0
0
13
7
13
1
10
2
13
2
13
0
13
68
194
32
194
75
194
39
194
68
194
42
9
1
9
1
8
4
19
42
194
36
11
39
11
36
194
44
19
75
17
39
194
51
194
68
15
2
7
44
194
51
9
2
0
0
0
0
0
0
0
0
0
3
13
40
194
75
194
39
14
3
11
36
5
1
0
0
1
0
0
0
0
1
1
0
0
5
13
5
5
1
0
0
0
0
0
0
0
0
0
0
2
5
3
0
0
0
0
0
0
0
0
0
2
3
9
42
8
42
9
51
194
68
194
32
12
75
16
75
194
44
13
33
4
0
4
1
8
1
1
2
13
51
194
40
194
32
3
39
5
39
14
39
14
39
12
40
6
40
194
68
14
68
13
68
194
40
13
51
13
4
0
4
0
4
8
32
12
32
12
68
194
39
3
0
5
0
5
2
13
68
14
0
0
68
14
68
15
3
14
68
14
39
6
1
8
3
8
1
8
0
0
1
0
1
0
0
0
0
0
0
0
