40
193
30
193
36
6
2
10
37
4
0
0
0
4
37
8
0
0
0
0
37
193
40
0
0
7
40
3
41
193
35
193
26
6
35
193
46
0
46
10
46
193
37
193
30
193
41
5
1
0
0
0
0
0
1
0
1
7
35
7
2
2
2
2
0
2
2
2
1
0
0
0
1
1
1
1
1
0
0
0
0
0
1
1
1
1
1
2
2
2
2
2
2
7
2
0
0
0
0
0
0
0
0
0
0
0
0
0
0
0
0
0
0
0
0
0
0
0
2
0
0
0
2
2
2
2
0
0
2
2
2
0
1
7
2
0
0
1
1
1
0
0
0
1
1
0
0
0
1
2
0
0
0
0
0
0
0
0
0
0
0
0
0
0
0
0
2
0
2
2
0
2
2
0
0
0
0
0
0
0
1
1
0
0
0
0
1
0
1
2
0
2
0
0
0
0
0
0
0
0
0
0
0
0
0
0
0
0
0
0
0
0
0
0
0
0
1
1
1
2
2
2
2
2
2
7
35
193
26
193
37
7
46
12
46
193
26
7
0
3
0
5
35
193
25
1
0
1
1
5
46
4
46
193
40
193
35
7
0
7
2
2
0
0
0
0
0
0
0
0
0
0
0
0
0
0
0
0
1
8
0
0
35
193
35
4
35
193
37
193
46
193
46
11
46
5
46
5
25
10
1
10
5
10
2
10
25
193
35
4
35
5
0
0
2
0
0
0
0
0
0
2
0
2
0
2
6
2
6
0
0
0
0
3
40
7
0
0
0
0
0
9
43
0
0
11
2
7
0
7
0
7
46
5
2
0
0
0
40
193
26
7
35
193
35
193
40
10
0
4
1
0
0
10
0
4
0
0
40
193
35
8
37
193
35
8
3
8
40
193
35
8
0
0
0
0
40
3
1
0
0
0
0
0
0
0
0
0
0
0
0
0
0
0
4
11
4
0
1
0
0
0
0
0
35
193
46
7
46
0
0
0
0
0
0
0
0
0
0
0
0
0
0
0
0
11
4
0
4
1
1
1
1
1
3
0
3
11
46
5
1
5
2
0
0
11
43
6
0
3
43
7
2
0
0
0
0
0
0
0
0
0
0
0
0
0
0
0
0
0
1
0
0
0
2
4
41
193
25
193
35
193
35
9
0
8
0
0
0
0
0
0
0
0
0
13
41
8
35
193
22
4
35
0
35
7
35
8
0
0
0
0
0
0
0
0
0
3
40
3
0
0
0
0
0
0
0
6
36
6
25
193
37
6
36
7
3
7
35
5
35
9
0
0
0
0
36
193
46
10
35
3
35
5
0
5
35
193
30
4
30
5
0
0
0
0
1
9
4
8
37
8
37
193
40
4
40
3
41
3
40
3
40
4
40
193
41
193
30
4
36
193
25
193
43
193
40
193
28
4
35
4
28
9
0
6
0
6
28
6
0
0
0
0
0
0
0
0
0
0
28
7
46
193
36
7
0
7
1
7
35
193
40
7
35
0
0
0
35
5
35
9
1
6
25
5
2
6
40
6
0
0
30
5
35
193
35
7
35
8
35
193
28
193
35
193
35
0
0
0
0
0
0
0
0
9
35
193
46
6
1
5
46
5
0
0
0
5
0
0
46
193
41
0
41
5
41
13
1
0
1
5
25
193
26
193
25
3
25
0
25
4
0
5
35
2
35
8
2
1
3
8
35
193
43
5
43
193
36
4
0
0
40
193
30
6
35
193
35
4
0
4
35
193
37
193
46
193
35
6
0
6
0
6
0
5
1
4
25
0
0
0
0
0
0
4
40
193
30
193
46
5
2
7
1
11
46
10
2
10
46
6
0
0
0
0
0
0
26
7
35
193
41
193
40
3
40
193
41
5
0
0
0
0
0
0
0
4
2
0
2
0
0
4
2
0
0
0
0
0
26
6
0
6
2
6
40
4
40
193
30
193
25
6
2
1
0
0
0
1
2
9
6
2
0
0
0
0
0
0
0
0
1
1
5
9
3
0
0
0
0
0
0
0
0
0
0
0
2
2
2
2
0
0
0
0
0
0
0
2
0
0
0
0
0
0
0
2
2
2
5
2
2
5
5
6
2
2
2
0
0
1
35
5
30
11
46
10
2
10
35
193
25
193
37
8
2
10
43
9
0
0
0
0
0
5
2
5
25
193
35
193
35
193
35
9
35
193
25
3
40
4
0
5
0
0
0
0
0
4
25
3
25
0
0
0
0
0
0
0
0
0
0
0
0
0
0
0
0
0
0
0
25
0
25
5
1
0
0
0
